<?xml version="1.0" encoding="UTF-8"?>
<testng-results ignored="0" total="1" passed="1" failed="0" skipped="0">
  <reporter-output>
  </reporter-output>
  <suite started-at="2022-11-07T22:48:49 IST" name="Default suite" finished-at="2022-11-07T22:48:58 IST" duration-ms="9391">
    <groups>
    </groups>
    <test started-at="2022-11-07T22:48:49 IST" name="Default test" finished-at="2022-11-07T22:48:58 IST" duration-ms="9391">
      <class name="swag.assign">
        <test-method is-config="true" signature="beforeTest()[pri:0, instance:swag.assign@333291e3]" started-at="2022-11-07T22:48:49 IST" name="beforeTest" finished-at="2022-11-07T22:48:55 IST" duration-ms="5543" status="PASS">
          <reporter-output>
          </reporter-output>
        </test-method> <!-- beforeTest -->
        <test-method signature="f()[pri:0, instance:swag.assign@333291e3]" started-at="2022-11-07T22:48:55 IST" name="f" finished-at="2022-11-07T22:48:58 IST" duration-ms="3534" status="PASS">
          <reporter-output>
          </reporter-output>
        </test-method> <!-- f -->
        <test-method is-config="true" signature="afterTest()[pri:0, instance:swag.assign@333291e3]" started-at="2022-11-07T22:48:58 IST" name="afterTest" finished-at="2022-11-07T22:48:58 IST" duration-ms="230" status="PASS">
          <reporter-output>
          </reporter-output>
        </test-method> <!-- afterTest -->
      </class> <!-- swag.assign -->
    </test> <!-- Default test -->
  </suite> <!-- Default suite -->
</testng-results>
